Size of the matrix to be generated: 10
Range of the matrix to be generated: 10
Type of the values contained in the matrix to be generated: int
[[7, 2, 4, 4, 0, 1, 1, 1, 1, 10], [2, 10, 8, 0, 0, 6, 3, 8, 5, 0], [2, 2, 1, 2, 0, 0, 6, 5, 8, 0], [3, 4, 1, 5, 6, 0, 9, 1, 10, 10], [4, 2, 4, 9, 10, 2, 5, 1, 9, 7], [1, 5, 5, 0, 7, 0, 3, 2, 0, 5], [2, 6, 10, 1, 9, 3, 4, 10, 5, 7], [3, 7, 10, 5, 2, 4, 4, 3, 0, 9], [4, 9, 6, 3, 6, 4, 0, 2, 8, 0], [3, 9, 5, 0, 0, 10, 3, 4, 8, 7]]
Output MM matrix: [[113, 175, 133, 65, 48, 130, 114, 104, 182, 201], [106, 269, 266, 82, 115, 123, 142, 198, 171, 143], [85, 177, 185, 75, 124, 84, 76, 116, 134, 127], [161, 321, 284, 137, 233, 210, 166, 204, 340, 264], [179, 283, 244, 196, 269, 161, 216, 162, 379, 303], [82, 153, 152, 90, 101, 112, 116, 129, 184, 133], [167, 323, 323, 183, 203, 198, 220, 224, 319, 275], [126, 266, 226, 94, 120, 163, 206, 209, 278, 232], [133, 240, 209, 131, 158, 110, 144, 145, 245, 150], [130, 337, 292, 69, 153, 184, 139, 206, 223, 186]]
Size of the matrix to be generated: 10
Range of the matrix to be generated: 10
Type of the values contained in the matrix to be generated: int
[[8, 8, 8, 10, 7, 6, 9, 10, 9, 1], [7, 4, 4, 2, 8, 8, 7, 3, 3, 3], [4, 6, 4, 1, 2, 9, 3, 4, 9, 4], [2, 4, 6, 8, 6, 1, 9, 0, 7, 10], [5, 0, 7, 5, 1, 0, 2, 6, 0, 2], [4, 8, 2, 6, 3, 4, 3, 7, 5, 0], [5, 6, 1, 10, 10, 8, 9, 2, 2, 4], [8, 3, 2, 7, 4, 1, 4, 2, 4, 2], [7, 8, 8, 6, 5, 2, 1, 4, 8, 5], [10, 2, 2, 0, 1, 8, 2, 4, 2, 2]]
Output MM matrix: [[429, 390, 352, 469, 397, 326, 406, 298, 400, 281], [286, 249, 215, 295, 233, 233, 245, 246, 221, 126], [288, 266, 201, 240, 214, 223, 190, 215, 244, 125], [312, 238, 233, 266, 250, 276, 259, 185, 239, 221], [161, 136, 123, 164, 126, 136, 159, 108, 175, 109], [245, 211, 194, 254, 230, 169, 230, 158, 214, 153], [303, 258, 251, 357, 291, 239, 323, 234, 232, 205], [215, 190, 200, 248, 203, 159, 225, 164, 205, 147], [332, 268, 278, 265, 247, 260, 256, 232, 303, 195], [215, 208, 149, 219, 163, 166, 176, 204, 194, 56]]
Size of the matrix to be generated: 10
Range of the matrix to be generated: 10
Type of the values contained in the matrix to be generated: int
[[9, 10, 7, 0, 4, 6, 9, 2, 1, 8], [1, 7, 7, 4, 7, 6, 10, 5, 1, 3], [5, 10, 10, 9, 4, 9, 10, 6, 10, 5], [9, 9, 0, 1, 3, 6, 8, 5, 5, 9], [4, 1, 2, 1, 8, 9, 1, 7, 1, 10], [7, 0, 5, 7, 5, 7, 1, 5, 4, 1], [3, 0, 10, 9, 1, 2, 1, 9, 7, 1], [7, 2, 4, 4, 5, 7, 10, 4, 2, 2], [1, 7, 1, 10, 2, 4, 1, 9, 10, 4], [0, 8, 0, 3, 0, 4, 10, 1, 3, 8]]
Output MM matrix: [[226, 309, 340, 272, 217, 323, 371, 274, 218, 264], [223, 213, 291, 273, 216, 311, 285, 300, 228, 224], [347, 427, 392, 435, 294, 455, 460, 447, 397, 352], [217, 282, 267, 251, 199, 290, 341, 265, 193, 254], [204, 185, 155, 171, 181, 284, 263, 187, 135, 242], [262, 234, 178, 178, 178, 280, 246, 215, 185, 236], [249, 287, 186, 232, 157, 282, 310, 237, 255, 222], [250, 203, 266, 234, 179, 272, 239, 264, 206, 217], [223, 281, 146, 234, 189, 284, 316, 266, 223, 239], [103, 170, 183, 211, 106, 165, 211, 204, 165, 143]]
Size of the matrix to be generated: 10
Range of the matrix to be generated: 10
Type of the values contained in the matrix to be generated: int
[[6, 7, 2, 7, 1, 4, 9, 10, 9, 4], [7, 2, 6, 6, 10, 6, 4, 2, 7, 4], [0, 10, 7, 4, 6, 10, 7, 5, 2, 7], [6, 10, 8, 10, 0, 2, 10, 5, 2, 0], [2, 8, 4, 7, 1, 10, 3, 3, 4, 1], [4, 7, 4, 6, 10, 2, 5, 4, 3, 5], [0, 3, 8, 1, 3, 8, 7, 4, 1, 10], [7, 9, 6, 2, 2, 3, 6, 6, 2, 8], [5, 9, 9, 4, 9, 9, 10, 0, 7, 10], [7, 0, 3, 7, 1, 7, 6, 7, 4, 2]]
Output MM matrix: [[288, 380, 369, 286, 261, 329, 426, 262, 245, 355], [213, 388, 299, 315, 216, 353, 367, 244, 232, 252], [240, 332, 330, 304, 304, 356, 338, 240, 205, 289], [219, 349, 344, 274, 232, 301, 380, 248, 200, 290], [200, 290, 261, 247, 259, 216, 286, 171, 171, 215], [215, 314, 280, 288, 183, 328, 311, 221, 205, 214], [168, 242, 245, 218, 209, 293, 270, 214, 137, 243], [241, 274, 272, 261, 221, 312, 328, 262, 223, 267], [276, 411, 404, 390, 351, 493, 456, 306, 296, 363], [197, 323, 255, 230, 166, 215, 328, 231, 164, 245]]
Size of the matrix to be generated: 10
Range of the matrix to be generated: 10
Type of the values contained in the matrix to be generated: int
[[1, 3, 7, 7, 2, 2, 0, 1, 9, 0], [5, 5, 2, 3, 6, 2, 3, 10, 4, 10], [0, 7, 9, 2, 1, 4, 2, 9, 8, 4], [7, 0, 6, 2, 7, 0, 6, 8, 10, 6], [0, 2, 3, 4, 0, 7, 5, 1, 5, 5], [5, 6, 0, 3, 3, 1, 7, 4, 8, 6], [7, 7, 5, 5, 2, 3, 6, 7, 4, 3], [4, 2, 0, 5, 9, 4, 8, 5, 2, 9], [3, 8, 8, 8, 2, 1, 1, 0, 5, 10], [9, 1, 0, 7, 1, 3, 4, 8, 10, 8]]
Output MM matrix: [[106, 157, 196, 135, 109, 65, 106, 165, 220, 221], [224, 161, 146, 257, 183, 155, 223, 262, 309, 337], [179, 224, 184, 206, 182, 123, 192, 275, 263, 346], [179, 221, 246, 285, 144, 165, 193, 214, 316, 309], [172, 155, 120, 146, 98, 62, 148, 187, 225, 212], [204, 184, 173, 235, 142, 107, 164, 213, 258, 284], [201, 204, 206, 225, 191, 124, 200, 277, 303, 293], [232, 155, 145, 236, 141, 152, 235, 242, 313, 280], [216, 172, 208, 203, 143, 107, 156, 312, 350, 309], [240, 184, 210, 289, 190, 108, 201, 220, 346, 323]]
Size of the matrix to be generated: 10
Range of the matrix to be generated: 10
Type of the values contained in the matrix to be generated: int
[[7, 7, 9, 5, 0, 2, 9, 2, 8, 10], [6, 7, 4, 8, 5, 1, 6, 10, 9, 3], [4, 7, 7, 0, 8, 0, 1, 2, 4, 5], [7, 2, 8, 6, 10, 7, 10, 5, 7, 5], [2, 3, 4, 8, 4, 0, 1, 7, 10, 5], [6, 8, 7, 0, 2, 8, 10, 4, 10, 0], [7, 7, 1, 2, 5, 9, 10, 4, 5, 10], [1, 3, 4, 7, 10, 4, 4, 5, 3, 2], [2, 5, 7, 8, 6, 3, 5, 3, 5, 0], [9, 4, 6, 4, 0, 6, 9, 9, 2, 8]]
Output MM matrix: [[345, 336, 341, 257, 274, 245, 412, 295, 321, 335], [269, 287, 328, 340, 353, 222, 367, 297, 354, 270], [176, 203, 212, 208, 172, 74, 176, 219, 244, 190], [331, 357, 373, 298, 330, 275, 423, 309, 428, 346], [191, 189, 267, 265, 278, 160, 257, 224, 241, 173], [264, 349, 295, 238, 270, 220, 357, 242, 360, 237], [347, 343, 318, 271, 221, 288, 452, 332, 384, 319], [191, 198, 230, 226, 253, 163, 244, 229, 294, 190], [206, 225, 248, 217, 276, 161, 258, 212, 294, 196], [323, 321, 320, 230, 267, 269, 419, 273, 318, 324]]
Size of the matrix to be generated: 10
Range of the matrix to be generated: 10
Type of the values contained in the matrix to be generated: int
[[5, 2, 2, 1, 1, 8, 3, 9, 1, 0], [7, 7, 6, 9, 4, 5, 10, 3, 5, 2], [6, 1, 0, 1, 9, 8, 3, 4, 3, 2], [3, 10, 7, 7, 6, 3, 8, 5, 9, 3], [6, 0, 8, 2, 9, 1, 10, 1, 6, 7], [7, 1, 2, 9, 10, 0, 1, 1, 4, 4], [8, 4, 1, 4, 9, 7, 0, 3, 3, 1], [4, 10, 3, 10, 10, 3, 10, 10, 0, 2], [1, 7, 9, 7, 6, 9, 2, 5, 9, 9], [0, 0, 8, 2, 8, 0, 6, 9, 5, 7]]
Output MM matrix: [[177, 153, 92, 215, 249, 127, 159, 177, 86, 80], [303, 269, 241, 301, 395, 294, 278, 265, 270, 176], [193, 110, 171, 189, 278, 125, 192, 161, 152, 152], [298, 301, 297, 339, 432, 309, 335, 275, 305, 229], [235, 133, 223, 161, 373, 254, 213, 239, 225, 204], [157, 155, 235, 151, 248, 160, 251, 198, 218, 170], [204, 143, 198, 207, 264, 149, 238, 178, 181, 153], [339, 324, 280, 358, 457, 246, 416, 289, 265, 182], [273, 260, 329, 354, 490, 252, 347, 298, 330, 287], [191, 177, 212, 201, 386, 192, 262, 246, 188, 196]]
Size of the matrix to be generated: 10
Range of the matrix to be generated: 10
Type of the values contained in the matrix to be generated: int
[[9, 3, 0, 10, 7, 8, 5, 6, 10, 8], [6, 8, 2, 4, 2, 8, 8, 8, 6, 8], [8, 6, 2, 8, 2, 5, 4, 7, 1, 10], [2, 8, 7, 5, 7, 8, 9, 6, 6, 10], [1, 4, 6, 1, 5, 8, 9, 6, 3, 1], [10, 4, 4, 9, 3, 5, 4, 5, 7, 6], [5, 5, 5, 5, 1, 3, 0, 2, 7, 9], [1, 6, 10, 10, 3, 6, 6, 6, 0, 4], [2, 3, 3, 4, 3, 0, 2, 5, 5, 2], [6, 5, 5, 3, 3, 4, 7, 0, 4, 0]]
Output MM matrix: [[305, 322, 305, 380, 275, 355, 366, 316, 362, 340], [316, 312, 270, 370, 198, 314, 304, 284, 314, 338], [281, 291, 247, 331, 211, 321, 320, 250, 280, 310], [342, 361, 312, 371, 213, 354, 360, 321, 315, 372], [231, 226, 208, 276, 122, 225, 196, 225, 199, 274], [292, 291, 238, 357, 237, 319, 312, 290, 313, 345], [226, 219, 159, 238, 158, 216, 240, 203, 210, 221], [268, 313, 254, 323, 178, 310, 298, 280, 225, 373], [108, 157, 143, 165, 107, 155, 163, 158, 121, 161], [216, 187, 122, 225, 129, 202, 168, 201, 219, 266]]
Size of the matrix to be generated: 10
Range of the matrix to be generated: 10
Type of the values contained in the matrix to be generated: int
[[4, 5, 6, 7, 6, 2, 0, 4, 6, 6], [4, 3, 3, 1, 2, 1, 9, 3, 0, 6], [0, 2, 4, 3, 5, 4, 8, 6, 1, 9], [2, 5, 6, 6, 0, 2, 1, 3, 7, 4], [6, 10, 1, 9, 6, 0, 4, 3, 9, 8], [8, 3, 9, 3, 7, 7, 4, 2, 8, 2], [4, 7, 6, 10, 0, 9, 9, 0, 3, 9], [9, 6, 5, 8, 10, 7, 6, 7, 1, 4], [8, 2, 8, 3, 1, 2, 4, 2, 7, 5], [1, 3, 9, 3, 8, 0, 8, 7, 6, 7]]
Output MM matrix: [[192, 202, 251, 221, 208, 105, 228, 192, 231, 276], [119, 162, 185, 199, 142, 134, 211, 117, 126, 226], [179, 212, 248, 247, 215, 168, 273, 169, 193, 272], [147, 124, 218, 146, 135, 103, 194, 144, 155, 208], [241, 255, 313, 278, 200, 119, 285, 200, 280, 338], [248, 235, 297, 274, 234, 176, 254, 183, 279, 327], [205, 226, 369, 266, 206, 209, 322, 190, 274, 337], [291, 332, 328, 374, 303, 214, 302, 231, 317, 376], [163, 162, 258, 207, 179, 134, 213, 165, 195, 270], [220, 258, 271, 302, 237, 180, 328, 210, 223, 360]]
Size of the matrix to be generated: 10
Range of the matrix to be generated: 10
Type of the values contained in the matrix to be generated: int
[[7, 5, 10, 3, 4, 9, 3, 3, 3, 0], [9, 5, 8, 10, 2, 2, 10, 9, 8, 6], [10, 3, 7, 4, 5, 2, 1, 4, 9, 3], [1, 10, 4, 4, 8, 2, 8, 4, 3, 3], [7, 5, 6, 3, 1, 5, 4, 8, 4, 0], [4, 1, 0, 8, 9, 5, 3, 7, 1, 9], [1, 9, 10, 1, 9, 5, 0, 0, 9, 6], [0, 6, 7, 0, 10, 5, 2, 9, 3, 1], [3, 7, 6, 4, 1, 8, 8, 1, 5, 1], [10, 0, 5, 4, 3, 2, 4, 4, 4, 9]]
Output MM matrix: [[273, 215, 285, 222, 257, 218, 178, 243, 236, 174], [314, 406, 479, 237, 392, 318, 285, 287, 360, 233], [272, 249, 326, 184, 203, 256, 217, 212, 229, 115], [252, 266, 323, 207, 226, 185, 221, 254, 276, 184], [200, 230, 290, 170, 258, 213, 168, 221, 213, 138], [224, 231, 264, 164, 261, 200, 195, 260, 174, 182], [359, 203, 294, 264, 161, 203, 258, 268, 278, 195], [235, 199, 263, 176, 216, 182, 168, 285, 220, 135], [220, 234, 272, 218, 251, 193, 191, 194, 247, 207], [259, 210, 306, 147, 225, 223, 161, 180, 205, 158]]
Size of the matrix to be generated: 10
Range of the matrix to be generated: 10
Type of the values contained in the matrix to be generated: int
Language Used: python
