Size of the matrix to be generated: 10
Range of the matrix to be generated: 10
Type of the values contained in the matrix to be generated: int
[[9, 2, 1, 3, 9, 10, 8, 0, 9, 10], [9, 2, 7, 9, 7, 3, 7, 0, 5, 7], [10, 8, 4, 10, 1, 8, 9, 8, 8, 8], [4, 5, 2, 4, 9, 9, 3, 6, 7, 1], [3, 6, 5, 1, 2, 9, 3, 1, 9, 2], [4, 9, 5, 3, 10, 10, 0, 8, 7, 6], [3, 8, 8, 6, 0, 9, 8, 0, 3, 1], [9, 4, 0, 1, 5, 9, 5, 7, 7, 10], [3, 2, 1, 0, 1, 4, 7, 8, 10, 1], [1, 7, 7, 9, 5, 3, 6, 4, 1, 4]]
Output MM matrix: [[249, 341, 271, 244, 300, 450, 318, 227, 395, 250], [281, 307, 229, 272, 267, 430, 330, 209, 372, 241], [408, 372, 283, 341, 410, 544, 421, 309, 468, 377], [265, 258, 183, 162, 259, 390, 233, 223, 371, 241], [224, 216, 169, 183, 201, 283, 224, 207, 293, 201], [348, 319, 242, 257, 328, 442, 304, 284, 434, 337], [273, 274, 222, 269, 243, 349, 261, 200, 291, 225], [281, 294, 226, 226, 310, 412, 302, 228, 360, 305], [198, 175, 119, 109, 139, 271, 222, 181, 260, 179], [266, 268, 213, 262, 227, 349, 261, 191, 289, 215]]
Size of the matrix to be generated: 10
Range of the matrix to be generated: 10
Type of the values contained in the matrix to be generated: int
[[6, 9, 0, 7, 3, 1, 10, 7, 7, 6], [3, 2, 4, 2, 2, 5, 10, 3, 3, 10], [4, 8, 8, 10, 10, 4, 8, 4, 1, 2], [10, 10, 6, 7, 7, 5, 10, 8, 10, 8], [1, 1, 5, 0, 0, 2, 5, 9, 9, 1], [10, 7, 3, 6, 7, 10, 9, 3, 9, 1], [7, 5, 5, 3, 4, 7, 2, 3, 10, 9], [4, 6, 7, 2, 10, 1, 0, 7, 5, 7], [4, 5, 8, 1, 3, 8, 7, 9, 9, 5], [3, 2, 5, 5, 4, 6, 9, 2, 7, 2]]
Output MM matrix: [[290, 291, 281, 196, 247, 271, 367, 309, 415, 372], [236, 223, 222, 198, 221, 250, 288, 190, 326, 215], [312, 327, 304, 261, 289, 266, 411, 331, 409, 323], [407, 434, 406, 325, 376, 389, 560, 450, 570, 452], [159, 191, 215, 118, 210, 168, 160, 197, 216, 183], [374, 375, 296, 263, 283, 345, 469, 375, 500, 350], [274, 292, 275, 239, 255, 296, 428, 300, 386, 244], [179, 222, 269, 184, 228, 191, 333, 291, 301, 213], [300, 323, 324, 246, 330, 312, 373, 309, 391, 290], [263, 263, 241, 194, 225, 259, 299, 249, 349, 232]]
Size of the matrix to be generated: 10
Range of the matrix to be generated: 10
Type of the values contained in the matrix to be generated: int
[[5, 2, 8, 3, 7, 10, 3, 4, 7, 9], [0, 9, 9, 3, 3, 9, 7, 10, 3, 2], [1, 3, 2, 0, 6, 2, 4, 8, 10, 5], [4, 10, 2, 7, 7, 6, 3, 2, 0, 0], [4, 6, 7, 0, 1, 2, 7, 8, 0, 6], [8, 10, 7, 0, 8, 1, 1, 6, 5, 10], [4, 8, 10, 8, 6, 7, 0, 1, 3, 6], [9, 0, 10, 10, 0, 7, 10, 1, 2, 7], [10, 6, 9, 7, 8, 5, 4, 9, 2, 1], [1, 4, 6, 4, 10, 5, 2, 9, 5, 5]]
Output MM matrix: [[280, 326, 386, 191, 361, 255, 215, 377, 247, 329], [255, 328, 398, 233, 263, 276, 254, 308, 219, 296], [240, 203, 335, 214, 204, 214, 206, 257, 119, 196], [156, 300, 281, 135, 192, 231, 186, 243, 121, 200], [153, 189, 307, 190, 207, 247, 183, 221, 193, 237], [205, 263, 406, 197, 290, 325, 279, 400, 236, 288], [187, 338, 304, 147, 314, 251, 215, 364, 225, 248], [227, 338, 331, 229, 395, 299, 136, 270, 269, 305], [277, 317, 411, 237, 289, 341, 290, 320, 242, 339], [251, 272, 354, 204, 235, 234, 262, 311, 163, 262]]
Size of the matrix to be generated: 10
Range of the matrix to be generated: 10
Type of the values contained in the matrix to be generated: int
[[8, 10, 4, 0, 3, 10, 1, 8, 10, 4], [7, 9, 0, 4, 2, 8, 7, 7, 10, 8], [5, 1, 4, 5, 2, 7, 3, 3, 3, 10], [3, 2, 6, 3, 3, 6, 10, 6, 3, 0], [9, 1, 5, 9, 5, 2, 9, 6, 2, 0], [0, 8, 10, 10, 4, 7, 9, 10, 5, 5], [1, 6, 9, 8, 6, 5, 4, 9, 2, 10], [8, 10, 9, 5, 7, 7, 2, 3, 6, 3], [4, 8, 1, 8, 10, 4, 9, 5, 0, 2], [7, 9, 6, 7, 8, 9, 2, 1, 9, 9]]
Output MM matrix: [[314, 459, 278, 343, 301, 401, 325, 351, 334, 292], [308, 489, 326, 373, 348, 422, 348, 377, 344, 323], [209, 293, 263, 260, 227, 307, 220, 232, 240, 238], [174, 255, 276, 268, 205, 258, 225, 275, 169, 242], [241, 273, 292, 239, 215, 306, 250, 307, 216, 216], [316, 401, 396, 415, 328, 431, 396, 381, 306, 374], [327, 355, 347, 360, 294, 397, 321, 294, 310, 328], [328, 369, 272, 333, 257, 398, 355, 363, 320, 305], [270, 293, 296, 302, 225, 305, 319, 337, 253, 233], [351, 426, 314, 405, 329, 439, 420, 392, 351, 327]]
Size of the matrix to be generated: 10
Range of the matrix to be generated: 10
Type of the values contained in the matrix to be generated: int
[[1, 4, 2, 8, 7, 4, 1, 3, 8, 5], [4, 5, 1, 7, 6, 3, 1, 10, 5, 1], [3, 3, 8, 6, 7, 9, 1, 5, 3, 3], [9, 8, 10, 2, 9, 10, 9, 2, 4, 2], [8, 9, 5, 1, 1, 10, 5, 4, 2, 10], [6, 10, 6, 5, 0, 1, 2, 0, 0, 2], [4, 0, 8, 8, 7, 3, 9, 4, 7, 8], [9, 5, 0, 0, 5, 0, 10, 0, 9, 6], [10, 1, 1, 10, 10, 10, 8, 1, 1, 2], [7, 9, 7, 0, 10, 9, 2, 10, 3, 5]]
Output MM matrix: [[321, 265, 212, 179, 276, 316, 235, 159, 137, 176], [307, 248, 159, 166, 251, 235, 260, 124, 205, 191], [303, 307, 254, 195, 248, 292, 210, 156, 165, 201], [329, 335, 321, 363, 341, 355, 247, 257, 259, 299], [282, 321, 252, 270, 330, 259, 177, 267, 233, 214], [137, 160, 156, 185, 223, 183, 91, 186, 156, 96], [372, 296, 340, 260, 396, 410, 318, 219, 232, 286], [241, 169, 179, 282, 318, 275, 213, 206, 204, 228], [312, 342, 318, 247, 274, 314, 266, 158, 220, 276], [361, 372, 237, 262, 306, 308, 243, 247, 264, 290]]
Size of the matrix to be generated: 10
Range of the matrix to be generated: 10
Type of the values contained in the matrix to be generated: int
[[6, 4, 4, 10, 1, 2, 3, 0, 7, 4], [8, 8, 5, 2, 0, 4, 8, 8, 6, 0], [6, 4, 4, 5, 1, 0, 7, 9, 10, 7], [8, 1, 0, 3, 1, 3, 5, 4, 8, 1], [10, 3, 4, 8, 3, 4, 10, 10, 2, 9], [4, 6, 2, 10, 1, 9, 4, 8, 4, 0], [1, 3, 2, 8, 6, 6, 2, 10, 4, 4], [5, 5, 9, 8, 4, 3, 8, 9, 6, 9], [7, 7, 8, 0, 9, 9, 1, 5, 10, 9], [2, 2, 5, 7, 7, 7, 8, 6, 5, 7]]
Output MM matrix: [[250, 163, 150, 198, 134, 189, 191, 223, 298, 174], [264, 248, 236, 295, 153, 216, 235, 331, 326, 227], [278, 230, 274, 288, 235, 255, 265, 341, 365, 314], [185, 157, 162, 208, 142, 181, 127, 186, 229, 179], [310, 233, 262, 437, 216, 275, 342, 408, 379, 314], [282, 219, 188, 286, 120, 231, 246, 320, 306, 173], [278, 190, 209, 282, 151, 222, 285, 336, 273, 242], [353, 263, 293, 390, 238, 289, 376, 462, 430, 357], [386, 313, 321, 397, 230, 333, 383, 449, 404, 367], [299, 217, 225, 357, 208, 284, 315, 416, 327, 293]]
Size of the matrix to be generated: 10
Range of the matrix to be generated: 10
Type of the values contained in the matrix to be generated: int
[[8, 9, 0, 8, 1, 4, 4, 8, 3, 9], [5, 5, 10, 3, 8, 1, 0, 10, 0, 9], [2, 8, 6, 9, 0, 9, 10, 3, 2, 5], [7, 8, 8, 8, 0, 3, 8, 5, 5, 4], [1, 10, 4, 7, 6, 0, 3, 9, 1, 3], [10, 2, 9, 8, 3, 4, 0, 8, 1, 0], [2, 5, 0, 10, 10, 1, 3, 3, 0, 9], [8, 8, 2, 4, 1, 8, 8, 8, 10, 3], [8, 4, 10, 10, 4, 1, 2, 5, 3, 7], [0, 7, 4, 9, 6, 7, 3, 2, 8, 7]]
Output MM matrix: [[302, 358, 276, 377, 212, 215, 208, 344, 230, 332], [204, 399, 231, 354, 160, 271, 275, 313, 231, 269], [281, 313, 315, 415, 234, 204, 213, 305, 148, 304], [294, 365, 295, 426, 209, 225, 258, 321, 177, 357], [207, 319, 244, 275, 178, 168, 210, 301, 169, 247], [279, 342, 212, 326, 68, 228, 269, 295, 178, 225], [161, 327, 221, 312, 192, 137, 178, 265, 169, 232], [377, 351, 328, 448, 248, 205, 204, 387, 191, 360], [256, 405, 273, 415, 146, 254, 297, 303, 214, 313], [268, 325, 365, 408, 219, 174, 192, 316, 166, 275]]
Size of the matrix to be generated: 10
Range of the matrix to be generated: 10
Type of the values contained in the matrix to be generated: int
[[1, 10, 2, 10, 6, 2, 8, 5, 8, 1], [2, 9, 3, 1, 7, 4, 3, 6, 7, 9], [6, 3, 2, 9, 3, 5, 6, 1, 0, 0], [9, 6, 10, 3, 6, 8, 6, 10, 3, 7], [0, 0, 1, 2, 1, 2, 3, 8, 2, 0], [5, 4, 5, 0, 1, 3, 9, 7, 8, 7], [8, 2, 2, 4, 9, 8, 8, 8, 10, 0], [4, 6, 1, 1, 4, 2, 4, 7, 10, 0], [4, 5, 3, 5, 3, 9, 10, 4, 8, 2], [3, 1, 9, 10, 5, 10, 3, 0, 10, 9]]
Output MM matrix: [[252, 261, 206, 167, 271, 306, 313, 360, 340, 200], [170, 218, 188, 216, 218, 278, 269, 255, 364, 213], [182, 185, 156, 139, 183, 177, 229, 254, 212, 131], [269, 318, 226, 326, 296, 317, 397, 355, 453, 209], [98, 87, 53, 47, 83, 87, 115, 131, 150, 32], [211, 220, 160, 254, 245, 290, 313, 236, 388, 141], [236, 274, 169, 220, 243, 278, 401, 382, 412, 130], [141, 211, 97, 139, 175, 195, 252, 234, 291, 99], [256, 246, 193, 197, 250, 296, 367, 330, 384, 181], [290, 231, 299, 304, 229, 379, 397, 304, 351, 253]]
Size of the matrix to be generated: 10
Range of the matrix to be generated: 10
Type of the values contained in the matrix to be generated: int
[[6, 1, 9, 3, 9, 10, 5, 8, 9, 9], [0, 6, 3, 4, 8, 8, 2, 10, 4, 0], [3, 10, 4, 4, 2, 7, 4, 2, 5, 2], [1, 4, 2, 10, 4, 3, 6, 3, 0, 7], [9, 7, 2, 8, 9, 1, 2, 10, 3, 0], [1, 8, 7, 5, 3, 2, 2, 8, 6, 6], [2, 7, 10, 7, 2, 6, 8, 9, 7, 5], [1, 8, 8, 0, 8, 1, 9, 0, 4, 0], [10, 4, 10, 0, 5, 9, 7, 5, 1, 0], [7, 6, 10, 1, 8, 7, 10, 10, 4, 6]]
Output MM matrix: [[328, 446, 481, 254, 394, 351, 389, 435, 302, 232], [147, 312, 250, 194, 270, 163, 214, 260, 169, 92], [133, 265, 260, 186, 235, 251, 198, 301, 184, 137], [125, 245, 232, 223, 222, 184, 240, 270, 147, 173], [194, 280, 281, 234, 356, 244, 262, 301, 209, 157], [175, 314, 295, 167, 286, 261, 279, 271, 173, 116], [203, 420, 411, 251, 321, 336, 366, 352, 257, 193], [161, 272, 218, 199, 202, 230, 171, 293, 178, 76], [173, 334, 335, 220, 273, 281, 234, 330, 295, 199], [264, 461, 468, 270, 396, 361, 381, 445, 341, 218]]
Size of the matrix to be generated: 10
Range of the matrix to be generated: 10
Type of the values contained in the matrix to be generated: int
[[9, 10, 7, 3, 8, 1, 6, 9, 8, 4], [1, 1, 8, 10, 3, 7, 9, 7, 8, 1], [8, 5, 6, 10, 9, 0, 10, 3, 7, 5], [10, 8, 3, 5, 0, 9, 5, 3, 9, 10], [10, 7, 0, 10, 0, 6, 9, 1, 9, 8], [4, 5, 1, 9, 6, 0, 6, 8, 5, 2], [10, 1, 6, 2, 5, 1, 7, 0, 8, 5], [7, 3, 8, 4, 1, 1, 0, 10, 6, 5], [8, 0, 9, 1, 3, 9, 5, 2, 3, 1], [2, 1, 6, 1, 9, 3, 0, 4, 9, 7]]
Output MM matrix: [[456, 257, 399, 361, 270, 253, 389, 319, 467, 288], [437, 218, 288, 291, 210, 207, 317, 219, 371, 278], [502, 282, 339, 318, 252, 278, 389, 228, 481, 346], [371, 232, 371, 287, 330, 230, 321, 330, 430, 250], [406, 237, 353, 243, 282, 264, 317, 277, 433, 274], [359, 196, 258, 228, 127, 221, 245, 205, 343, 253], [357, 199, 265, 196, 247, 159, 279, 170, 323, 211], [312, 192, 298, 221, 216, 149, 214, 261, 309, 212], [310, 211, 201, 252, 244, 72, 274, 207, 278, 174], [293, 156, 219, 230, 185, 178, 230, 165, 285, 205]]
Size of the matrix to be generated: 10
Range of the matrix to be generated: 10
Type of the values contained in the matrix to be generated: int
Language Used: python
